Using pre-set license
Built from '2020.3/release' branch; Version is '2020.3.7f1 (dd97f2c94397) revision 14522354'; Using compiler version '192528614'; Build Type 'Release'
OS: 'Windows 10 Pro; OS build 19044.1826; Version 2009; 64bit' Language: 'de' Physical Memory: 32681 MB
BatchMode: 1, IsHumanControllingUs: 0, StartBugReporterOnCrash: 0, Is64bit: 1, IsPro: 0

 COMMAND LINE ARGUMENTS:
C:\Program Files\Unity\Hub\Editor\2020.3.7f1\Editor\Unity.exe
-adb2
-batchMode
-noUpm
-name
AssetImportWorker0
-projectPath
C:/Users/peter/Documents/Projekte/Simulation/Simulation
-logFile
Logs/AssetImportWorker0.log
-srvPort
59865
Successfully changed project path to: C:/Users/peter/Documents/Projekte/Simulation/Simulation
C:/Users/peter/Documents/Projekte/Simulation/Simulation
Using Asset Import Pipeline V2.
Refreshing native plugins compatible for Editor in 39.39 ms, found 1 plugins.
Preloading 0 native plugins for Editor in 0.00 ms.
Initialize engine version: 2020.3.7f1 (dd97f2c94397)
[Subsystems] Discovering subsystems at path C:/Program Files/Unity/Hub/Editor/2020.3.7f1/Editor/Data/Resources/UnitySubsystems
[Subsystems] Discovering subsystems at path C:/Users/peter/Documents/Projekte/Simulation/Simulation/Assets
GfxDevice: creating device client; threaded=0
Direct3D:
    Version:  Direct3D 11.0 [level 11.1]
    Renderer: NVIDIA GeForce RTX 2060 (ID=0x1f08)
    Vendor:   
    VRAM:     5980 MB
    Driver:   27.21.14.6589
Initialize mono
Mono path[0] = 'C:/Program Files/Unity/Hub/Editor/2020.3.7f1/Editor/Data/Managed'
Mono path[1] = 'C:/Program Files/Unity/Hub/Editor/2020.3.7f1/Editor/Data/MonoBleedingEdge/lib/mono/unityjit'
Mono config path = 'C:/Program Files/Unity/Hub/Editor/2020.3.7f1/Editor/Data/MonoBleedingEdge/etc'
Using monoOptions --debugger-agent=transport=dt_socket,embedding=1,server=y,suspend=n,address=127.0.0.1:56968
Begin MonoManager ReloadAssembly
Registering precompiled unity dll's ...
Register platform support module: C:/Program Files/Unity/Hub/Editor/2020.3.7f1/Editor/Data/PlaybackEngines/WebGLSupport/UnityEditor.WebGL.Extensions.dll
Register platform support module: C:/Program Files/Unity/Hub/Editor/2020.3.7f1/Editor/Data/PlaybackEngines/WindowsStandaloneSupport/UnityEditor.WindowsStandalone.Extensions.dll
Registered in 0.002714 seconds.
Native extension for WindowsStandalone target not found
Native extension for WebGL target not found
Refreshing native plugins compatible for Editor in 35.05 ms, found 1 plugins.
Preloading 0 native plugins for Editor in 0.00 ms.
Mono: successfully reloaded assembly
- Completed reload, in  1.202 seconds
Platform modules already initialized, skipping
Registering precompiled user dll's ...
Registered in 0.001082 seconds.
Begin MonoManager ReloadAssembly
Native extension for WindowsStandalone target not found
Native extension for WebGL target not found
Refreshing native plugins compatible for Editor in 35.39 ms, found 1 plugins.
Preloading 0 native plugins for Editor in 0.00 ms.
Mono: successfully reloaded assembly
- Completed reload, in  0.946 seconds
Platform modules already initialized, skipping
========================================================================
Worker process is ready to serve import requests
Launched and connected shader compiler UnityShaderCompiler.exe after 0.04 seconds
Refreshing native plugins compatible for Editor in 0.32 ms, found 1 plugins.
Preloading 0 native plugins for Editor in 0.00 ms.
Unloading 1817 Unused Serialized files (Serialized files now loaded: 0)
System memory in use before: 85.2 MB.
System memory in use after: 85.1 MB.

Unloading 24 unused Assets to reduce memory usage. Loaded Objects now: 2260.
Total: 1.993000 ms (FindLiveObjects: 0.184500 ms CreateObjectMapping: 0.093200 ms MarkObjects: 1.600300 ms  DeleteObjects: 0.113900 ms)

========================================================================
Received Import Request.
  path: Assets/Scripts/Node.prefab
  artifactKey: Guid(aa6658f18e402604eb30350c62beaad8) Importer(815301076,1909f56bfc062723c751e8b465ee728b)
Start importing Assets/Scripts/Node.prefab using Guid(aa6658f18e402604eb30350c62beaad8) Importer(815301076,1909f56bfc062723c751e8b465ee728b)  -> (artifact id: 'd9808f96040eb5ba5d08b5d9489d7864') in 0.105098 seconds
  Import took 0.108030 seconds .

========================================================================
Received Import Request.
  Time since last request: 7.305235 seconds.
  path: Assets/Scripts/CollisionController.cs
  artifactKey: Guid(17f2cd93896ff8043ba405b0aa2ab251) Importer(815301076,1909f56bfc062723c751e8b465ee728b)
Start importing Assets/Scripts/CollisionController.cs using Guid(17f2cd93896ff8043ba405b0aa2ab251) Importer(815301076,1909f56bfc062723c751e8b465ee728b)  -> (artifact id: '67bf01f2877555bcc0e8cfcf3d228cce') in 0.007516 seconds
  Import took 0.010388 seconds .

========================================================================
Received Prepare
Registering precompiled user dll's ...
Registered in 0.001171 seconds.
Begin MonoManager ReloadAssembly
Native extension for WindowsStandalone target not found
Native extension for WebGL target not found
Refreshing native plugins compatible for Editor in 0.58 ms, found 1 plugins.
Preloading 0 native plugins for Editor in 0.00 ms.
Mono: successfully reloaded assembly
- Completed reload, in  1.156 seconds
Platform modules already initialized, skipping
Refreshing native plugins compatible for Editor in 0.36 ms, found 1 plugins.
Preloading 0 native plugins for Editor in 0.00 ms.
Unloading 1812 Unused Serialized files (Serialized files now loaded: 0)
System memory in use before: 88.2 MB.
System memory in use after: 88.2 MB.

Unloading 12 unused Assets to reduce memory usage. Loaded Objects now: 2271.
Total: 2.636300 ms (FindLiveObjects: 0.368400 ms CreateObjectMapping: 0.184200 ms MarkObjects: 1.951600 ms  DeleteObjects: 0.130600 ms)

========================================================================
Received Prepare
Registering precompiled user dll's ...
Registered in 0.000984 seconds.
Begin MonoManager ReloadAssembly
Native extension for WindowsStandalone target not found
Native extension for WebGL target not found
Refreshing native plugins compatible for Editor in 0.34 ms, found 1 plugins.
Preloading 0 native plugins for Editor in 0.00 ms.
Mono: successfully reloaded assembly
- Completed reload, in  0.801 seconds
Platform modules already initialized, skipping
Refreshing native plugins compatible for Editor in 0.32 ms, found 1 plugins.
Preloading 0 native plugins for Editor in 0.00 ms.
Unloading 1812 Unused Serialized files (Serialized files now loaded: 0)
System memory in use before: 88.3 MB.
System memory in use after: 88.2 MB.

Unloading 12 unused Assets to reduce memory usage. Loaded Objects now: 2275.
Total: 2.012200 ms (FindLiveObjects: 0.249100 ms CreateObjectMapping: 0.065600 ms MarkObjects: 1.607900 ms  DeleteObjects: 0.088700 ms)

========================================================================
Received Import Request.
  Time since last request: 632.538313 seconds.
  path: Assets/Scripts/TestMessageSend.cs
  artifactKey: Guid(26cd029384f264442845e690dcef76eb) Importer(815301076,1909f56bfc062723c751e8b465ee728b)
Start importing Assets/Scripts/TestMessageSend.cs using Guid(26cd029384f264442845e690dcef76eb) Importer(815301076,1909f56bfc062723c751e8b465ee728b)  -> (artifact id: 'fc06b4a970fdb8fba32512e0a9ba3d47') in 0.009317 seconds
  Import took 0.012546 seconds .

========================================================================
Received Prepare
Registering precompiled user dll's ...
Registered in 0.001111 seconds.
Begin MonoManager ReloadAssembly
Native extension for WindowsStandalone target not found
Native extension for WebGL target not found
Refreshing native plugins compatible for Editor in 0.35 ms, found 1 plugins.
Preloading 0 native plugins for Editor in 0.00 ms.
Mono: successfully reloaded assembly
- Completed reload, in  0.864 seconds
Platform modules already initialized, skipping
Refreshing native plugins compatible for Editor in 0.34 ms, found 1 plugins.
Preloading 0 native plugins for Editor in 0.00 ms.
Unloading 1813 Unused Serialized files (Serialized files now loaded: 0)
System memory in use before: 88.3 MB.
System memory in use after: 88.3 MB.

Unloading 12 unused Assets to reduce memory usage. Loaded Objects now: 2280.
Total: 1.946000 ms (FindLiveObjects: 0.197100 ms CreateObjectMapping: 0.069600 ms MarkObjects: 1.571000 ms  DeleteObjects: 0.107000 ms)

========================================================================
Received Import Request.
  Time since last request: 85.015891 seconds.
  path: Assets/Scripts/TestMessageSend.cs
  artifactKey: Guid(26cd029384f264442845e690dcef76eb) Importer(815301076,1909f56bfc062723c751e8b465ee728b)
Start importing Assets/Scripts/TestMessageSend.cs using Guid(26cd029384f264442845e690dcef76eb) Importer(815301076,1909f56bfc062723c751e8b465ee728b)  -> (artifact id: '0040977358167094729c406b5f6240ec') in 0.005352 seconds
  Import took 0.008619 seconds .

========================================================================
Received Prepare
Registering precompiled user dll's ...
Registered in 0.001111 seconds.
Begin MonoManager ReloadAssembly
Native extension for WindowsStandalone target not found
Native extension for WebGL target not found
Refreshing native plugins compatible for Editor in 0.34 ms, found 1 plugins.
Preloading 0 native plugins for Editor in 0.00 ms.
Mono: successfully reloaded assembly
- Completed reload, in  0.832 seconds
Platform modules already initialized, skipping
Refreshing native plugins compatible for Editor in 0.33 ms, found 1 plugins.
Preloading 0 native plugins for Editor in 0.00 ms.
Unloading 1813 Unused Serialized files (Serialized files now loaded: 0)
System memory in use before: 88.3 MB.
System memory in use after: 88.3 MB.

Unloading 12 unused Assets to reduce memory usage. Loaded Objects now: 2284.
Total: 1.873200 ms (FindLiveObjects: 0.176700 ms CreateObjectMapping: 0.055200 ms MarkObjects: 1.542300 ms  DeleteObjects: 0.097700 ms)

========================================================================
Received Prepare
Registering precompiled user dll's ...
Registered in 0.000983 seconds.
Begin MonoManager ReloadAssembly
Native extension for WindowsStandalone target not found
Native extension for WebGL target not found
Refreshing native plugins compatible for Editor in 0.33 ms, found 1 plugins.
Preloading 0 native plugins for Editor in 0.00 ms.
Mono: successfully reloaded assembly
- Completed reload, in  0.819 seconds
Platform modules already initialized, skipping
Refreshing native plugins compatible for Editor in 0.33 ms, found 1 plugins.
Preloading 0 native plugins for Editor in 0.00 ms.
Unloading 1813 Unused Serialized files (Serialized files now loaded: 0)
System memory in use before: 88.3 MB.
System memory in use after: 88.3 MB.

Unloading 12 unused Assets to reduce memory usage. Loaded Objects now: 2288.
Total: 2.191800 ms (FindLiveObjects: 0.303300 ms CreateObjectMapping: 0.112600 ms MarkObjects: 1.663900 ms  DeleteObjects: 0.110800 ms)

========================================================================
Received Prepare
Registering precompiled user dll's ...
Registered in 0.001025 seconds.
Begin MonoManager ReloadAssembly
Native extension for WindowsStandalone target not found
Native extension for WebGL target not found
Refreshing native plugins compatible for Editor in 0.33 ms, found 1 plugins.
Preloading 0 native plugins for Editor in 0.00 ms.
Mono: successfully reloaded assembly
- Completed reload, in  0.799 seconds
Platform modules already initialized, skipping
Refreshing native plugins compatible for Editor in 0.33 ms, found 1 plugins.
Preloading 0 native plugins for Editor in 0.00 ms.
Unloading 1813 Unused Serialized files (Serialized files now loaded: 0)
System memory in use before: 88.4 MB.
System memory in use after: 88.3 MB.

Unloading 12 unused Assets to reduce memory usage. Loaded Objects now: 2292.
Total: 2.272800 ms (FindLiveObjects: 0.194300 ms CreateObjectMapping: 0.068000 ms MarkObjects: 1.908500 ms  DeleteObjects: 0.101100 ms)

========================================================================
Received Prepare
Registering precompiled user dll's ...
Registered in 0.001039 seconds.
Begin MonoManager ReloadAssembly
Native extension for WindowsStandalone target not found
Native extension for WebGL target not found
Refreshing native plugins compatible for Editor in 0.33 ms, found 1 plugins.
Preloading 0 native plugins for Editor in 0.00 ms.
Mono: successfully reloaded assembly
- Completed reload, in  0.842 seconds
Platform modules already initialized, skipping
Refreshing native plugins compatible for Editor in 0.35 ms, found 1 plugins.
Preloading 0 native plugins for Editor in 0.00 ms.
Unloading 1813 Unused Serialized files (Serialized files now loaded: 0)
System memory in use before: 88.4 MB.
System memory in use after: 88.3 MB.

Unloading 12 unused Assets to reduce memory usage. Loaded Objects now: 2296.
Total: 1.838000 ms (FindLiveObjects: 0.178100 ms CreateObjectMapping: 0.066600 ms MarkObjects: 1.492300 ms  DeleteObjects: 0.100000 ms)

========================================================================
Received Prepare
Registering precompiled user dll's ...
Registered in 0.001140 seconds.
Begin MonoManager ReloadAssembly
Native extension for WindowsStandalone target not found
Native extension for WebGL target not found
Refreshing native plugins compatible for Editor in 0.33 ms, found 1 plugins.
Preloading 0 native plugins for Editor in 0.00 ms.
Mono: successfully reloaded assembly
- Completed reload, in  0.794 seconds
Platform modules already initialized, skipping
Refreshing native plugins compatible for Editor in 0.33 ms, found 1 plugins.
Preloading 0 native plugins for Editor in 0.00 ms.
Unloading 1813 Unused Serialized files (Serialized files now loaded: 0)
System memory in use before: 88.4 MB.
System memory in use after: 88.3 MB.

Unloading 12 unused Assets to reduce memory usage. Loaded Objects now: 2300.
Total: 2.149300 ms (FindLiveObjects: 0.254900 ms CreateObjectMapping: 0.124000 ms MarkObjects: 1.665000 ms  DeleteObjects: 0.104500 ms)

========================================================================
Received Prepare
Registering precompiled user dll's ...
Registered in 0.000953 seconds.
Begin MonoManager ReloadAssembly
Native extension for WindowsStandalone target not found
Native extension for WebGL target not found
Refreshing native plugins compatible for Editor in 0.35 ms, found 1 plugins.
Preloading 0 native plugins for Editor in 0.00 ms.
Mono: successfully reloaded assembly
- Completed reload, in  0.867 seconds
Platform modules already initialized, skipping
Refreshing native plugins compatible for Editor in 0.34 ms, found 1 plugins.
Preloading 0 native plugins for Editor in 0.00 ms.
Unloading 1813 Unused Serialized files (Serialized files now loaded: 0)
System memory in use before: 88.4 MB.
System memory in use after: 88.4 MB.

Unloading 12 unused Assets to reduce memory usage. Loaded Objects now: 2304.
Total: 2.160500 ms (FindLiveObjects: 0.207700 ms CreateObjectMapping: 0.077300 ms MarkObjects: 1.741100 ms  DeleteObjects: 0.132800 ms)

========================================================================
Received Prepare
Registering precompiled user dll's ...
Registered in 0.001128 seconds.
Begin MonoManager ReloadAssembly
Native extension for WindowsStandalone target not found
Native extension for WebGL target not found
Refreshing native plugins compatible for Editor in 0.33 ms, found 1 plugins.
Preloading 0 native plugins for Editor in 0.00 ms.
Mono: successfully reloaded assembly
- Completed reload, in  0.810 seconds
Platform modules already initialized, skipping
Refreshing native plugins compatible for Editor in 0.43 ms, found 1 plugins.
Preloading 0 native plugins for Editor in 0.00 ms.
Unloading 1813 Unused Serialized files (Serialized files now loaded: 0)
System memory in use before: 88.4 MB.
System memory in use after: 88.4 MB.

Unloading 12 unused Assets to reduce memory usage. Loaded Objects now: 2308.
Total: 2.631200 ms (FindLiveObjects: 0.354000 ms CreateObjectMapping: 0.099900 ms MarkObjects: 1.996700 ms  DeleteObjects: 0.179400 ms)

========================================================================
Received Prepare
Registering precompiled user dll's ...
Registered in 0.001038 seconds.
Begin MonoManager ReloadAssembly
Native extension for WindowsStandalone target not found
Native extension for WebGL target not found
Refreshing native plugins compatible for Editor in 0.37 ms, found 1 plugins.
Preloading 0 native plugins for Editor in 0.00 ms.
Mono: successfully reloaded assembly
- Completed reload, in  0.861 seconds
Platform modules already initialized, skipping
Refreshing native plugins compatible for Editor in 0.32 ms, found 1 plugins.
Preloading 0 native plugins for Editor in 0.00 ms.
Unloading 1813 Unused Serialized files (Serialized files now loaded: 0)
System memory in use before: 88.4 MB.
System memory in use after: 88.4 MB.

Unloading 12 unused Assets to reduce memory usage. Loaded Objects now: 2312.
Total: 2.465900 ms (FindLiveObjects: 0.404500 ms CreateObjectMapping: 0.096100 ms MarkObjects: 1.826700 ms  DeleteObjects: 0.137700 ms)

========================================================================
Received Prepare
Registering precompiled user dll's ...
Registered in 0.001460 seconds.
Begin MonoManager ReloadAssembly
Native extension for WindowsStandalone target not found
Native extension for WebGL target not found
Refreshing native plugins compatible for Editor in 0.33 ms, found 1 plugins.
Preloading 0 native plugins for Editor in 0.00 ms.
Mono: successfully reloaded assembly
- Completed reload, in  0.823 seconds
Platform modules already initialized, skipping
Refreshing native plugins compatible for Editor in 0.34 ms, found 1 plugins.
Preloading 0 native plugins for Editor in 0.00 ms.
Unloading 1813 Unused Serialized files (Serialized files now loaded: 0)
System memory in use before: 88.4 MB.
System memory in use after: 88.4 MB.

Unloading 12 unused Assets to reduce memory usage. Loaded Objects now: 2316.
Total: 2.213400 ms (FindLiveObjects: 0.170400 ms CreateObjectMapping: 0.062500 ms MarkObjects: 1.877800 ms  DeleteObjects: 0.101400 ms)

========================================================================
Received Prepare
Registering precompiled user dll's ...
Registered in 0.000970 seconds.
Begin MonoManager ReloadAssembly
Native extension for WindowsStandalone target not found
Native extension for WebGL target not found
Refreshing native plugins compatible for Editor in 0.34 ms, found 1 plugins.
Preloading 0 native plugins for Editor in 0.00 ms.
Mono: successfully reloaded assembly
- Completed reload, in  0.860 seconds
Platform modules already initialized, skipping
Refreshing native plugins compatible for Editor in 0.38 ms, found 1 plugins.
Preloading 0 native plugins for Editor in 0.00 ms.
Unloading 1813 Unused Serialized files (Serialized files now loaded: 0)
System memory in use before: 88.4 MB.
System memory in use after: 88.4 MB.

Unloading 12 unused Assets to reduce memory usage. Loaded Objects now: 2320.
Total: 2.265800 ms (FindLiveObjects: 0.177800 ms CreateObjectMapping: 0.068400 ms MarkObjects: 1.919300 ms  DeleteObjects: 0.099600 ms)

========================================================================
Received Prepare
Registering precompiled user dll's ...
Registered in 0.001051 seconds.
Begin MonoManager ReloadAssembly
Native extension for WindowsStandalone target not found
Native extension for WebGL target not found
Refreshing native plugins compatible for Editor in 0.35 ms, found 1 plugins.
Preloading 0 native plugins for Editor in 0.00 ms.
Mono: successfully reloaded assembly
- Completed reload, in  0.968 seconds
Platform modules already initialized, skipping
Refreshing native plugins compatible for Editor in 0.42 ms, found 1 plugins.
Preloading 0 native plugins for Editor in 0.00 ms.
Unloading 1813 Unused Serialized files (Serialized files now loaded: 0)
System memory in use before: 88.4 MB.
System memory in use after: 88.4 MB.

Unloading 12 unused Assets to reduce memory usage. Loaded Objects now: 2324.
Total: 2.574800 ms (FindLiveObjects: 0.214500 ms CreateObjectMapping: 0.075500 ms MarkObjects: 2.181300 ms  DeleteObjects: 0.102200 ms)

========================================================================
Received Prepare
Registering precompiled user dll's ...
Registered in 0.001108 seconds.
Begin MonoManager ReloadAssembly
Native extension for WindowsStandalone target not found
Native extension for WebGL target not found
Refreshing native plugins compatible for Editor in 0.37 ms, found 1 plugins.
Preloading 0 native plugins for Editor in 0.00 ms.
Mono: successfully reloaded assembly
- Completed reload, in  0.837 seconds
Platform modules already initialized, skipping
Refreshing native plugins compatible for Editor in 0.39 ms, found 1 plugins.
Preloading 0 native plugins for Editor in 0.00 ms.
Unloading 1813 Unused Serialized files (Serialized files now loaded: 0)
System memory in use before: 88.4 MB.
System memory in use after: 88.4 MB.

Unloading 12 unused Assets to reduce memory usage. Loaded Objects now: 2328.
Total: 2.029900 ms (FindLiveObjects: 0.173500 ms CreateObjectMapping: 0.059900 ms MarkObjects: 1.694300 ms  DeleteObjects: 0.101300 ms)

========================================================================
Received Import Request.
  Time since last request: 800.615015 seconds.
  path: ProjectSettings/TagManager.asset
  artifactKey: Guid(00000000000000003000000000000000) Importer(815301076,1909f56bfc062723c751e8b465ee728b)
Start importing ProjectSettings/TagManager.asset using Guid(00000000000000003000000000000000) Importer(815301076,1909f56bfc062723c751e8b465ee728b)  -> (artifact id: 'c177c4378e501bca3ca489dec99c185f') in 0.018035 seconds
  Import took 0.021251 seconds .

========================================================================
Received Import Request.
  Time since last request: 0.000231 seconds.
  path: Assets/Scripts/MessageDot.prefab
  artifactKey: Guid(786c3162d995c3445a0f5e7e97d8428f) Importer(815301076,1909f56bfc062723c751e8b465ee728b)
Start importing Assets/Scripts/MessageDot.prefab using Guid(786c3162d995c3445a0f5e7e97d8428f) Importer(815301076,1909f56bfc062723c751e8b465ee728b)  -> (artifact id: '9ca010e40e34b5b7a18659c3632ff084') in 0.043686 seconds
  Import took 0.046314 seconds .

========================================================================
Received Import Request.
  Time since last request: 9.721215 seconds.
  path: Assets/Scripts/New Folder
  artifactKey: Guid(78d5890aecbcef24abd7fc9710d3bafd) Importer(815301076,1909f56bfc062723c751e8b465ee728b)
Start importing Assets/Scripts/New Folder using Guid(78d5890aecbcef24abd7fc9710d3bafd) Importer(815301076,1909f56bfc062723c751e8b465ee728b)  -> (artifact id: 'ef6aa392676dbf09427a76a38d9c606a') in 0.005963 seconds
  Import took 0.009131 seconds .

========================================================================
Received Import Request.
  Time since last request: 10.600074 seconds.
  path: Assets/Scripts/RoutingScript.cs
  artifactKey: Guid(37f542f304fd16145958025202c264b7) Importer(815301076,1909f56bfc062723c751e8b465ee728b)
Start importing Assets/Scripts/RoutingScript.cs using Guid(37f542f304fd16145958025202c264b7) Importer(815301076,1909f56bfc062723c751e8b465ee728b)  -> (artifact id: 'aa16ce77e79579aa62fedab5b236b001') in 0.006261 seconds
  Import took 0.009609 seconds .

========================================================================
Received Prepare
Registering precompiled user dll's ...
Registered in 0.001168 seconds.
Begin MonoManager ReloadAssembly
Native extension for WindowsStandalone target not found
Native extension for WebGL target not found
Refreshing native plugins compatible for Editor in 0.35 ms, found 1 plugins.
Preloading 0 native plugins for Editor in 0.00 ms.
Mono: successfully reloaded assembly
- Completed reload, in  0.913 seconds
Platform modules already initialized, skipping
Refreshing native plugins compatible for Editor in 0.33 ms, found 1 plugins.
Preloading 0 native plugins for Editor in 0.00 ms.
Unloading 1814 Unused Serialized files (Serialized files now loaded: 0)
System memory in use before: 88.5 MB.
System memory in use after: 88.4 MB.

Unloading 13 unused Assets to reduce memory usage. Loaded Objects now: 2334.
Total: 2.088100 ms (FindLiveObjects: 0.255200 ms CreateObjectMapping: 0.060600 ms MarkObjects: 1.676500 ms  DeleteObjects: 0.094600 ms)

========================================================================
Received Import Request.
  Time since last request: 86.355856 seconds.
  path: Assets/Scripts/RoutingScript.cs
  artifactKey: Guid(37f542f304fd16145958025202c264b7) Importer(815301076,1909f56bfc062723c751e8b465ee728b)
Start importing Assets/Scripts/RoutingScript.cs using Guid(37f542f304fd16145958025202c264b7) Importer(815301076,1909f56bfc062723c751e8b465ee728b)  -> (artifact id: '728827e595adce80dd39d320784748f9') in 0.005187 seconds
  Import took 0.008304 seconds .

========================================================================
Received Prepare
Registering precompiled user dll's ...
Registered in 0.001008 seconds.
Begin MonoManager ReloadAssembly
Native extension for WindowsStandalone target not found
Native extension for WebGL target not found
Refreshing native plugins compatible for Editor in 0.46 ms, found 1 plugins.
Preloading 0 native plugins for Editor in 0.00 ms.
Mono: successfully reloaded assembly
- Completed reload, in  0.826 seconds
Platform modules already initialized, skipping
Refreshing native plugins compatible for Editor in 0.37 ms, found 1 plugins.
Preloading 0 native plugins for Editor in 0.00 ms.
Unloading 1814 Unused Serialized files (Serialized files now loaded: 0)
System memory in use before: 88.5 MB.
System memory in use after: 88.5 MB.

Unloading 12 unused Assets to reduce memory usage. Loaded Objects now: 2338.
Total: 2.488300 ms (FindLiveObjects: 0.343500 ms CreateObjectMapping: 0.208900 ms MarkObjects: 1.840200 ms  DeleteObjects: 0.094800 ms)

========================================================================
Received Import Request.
  Time since last request: 53.250266 seconds.
  path: Assets/Scripts/Node (5).prefab
  artifactKey: Guid(cc55762d410aa9e469f7d1e796480e90) Importer(815301076,1909f56bfc062723c751e8b465ee728b)
Start importing Assets/Scripts/Node (5).prefab using Guid(cc55762d410aa9e469f7d1e796480e90) Importer(815301076,1909f56bfc062723c751e8b465ee728b)  -> (artifact id: 'd54633345913ff457c360177690ac0bc') in 0.055643 seconds
  Import took 0.058698 seconds .

========================================================================
Received Import Request.
  Time since last request: 0.001747 seconds.
  path: Assets/Scripts/Node (5).prefab
  artifactKey: Guid(cc55762d410aa9e469f7d1e796480e90) Importer(815301076,1909f56bfc062723c751e8b465ee728b)
Start importing Assets/Scripts/Node (5).prefab using Guid(cc55762d410aa9e469f7d1e796480e90) Importer(815301076,1909f56bfc062723c751e8b465ee728b)  -> (artifact id: 'd54633345913ff457c360177690ac0bc') in 0.010539 seconds
  Import took 0.013418 seconds .

========================================================================
Received Import Request.
  Time since last request: 8.295291 seconds.
  path: Assets/Scripts/TestNode.prefab
  artifactKey: Guid(cc55762d410aa9e469f7d1e796480e90) Importer(815301076,1909f56bfc062723c751e8b465ee728b)
Start importing Assets/Scripts/TestNode.prefab using Guid(cc55762d410aa9e469f7d1e796480e90) Importer(815301076,1909f56bfc062723c751e8b465ee728b)  -> (artifact id: '9c96fd65081418bce3ce7c22c5ec8e9a') in 0.012425 seconds
  Import took 0.015375 seconds .

========================================================================
Received Import Request.
  Time since last request: 0.006853 seconds.
  path: Assets/Scripts/TestNode.prefab
  artifactKey: Guid(cc55762d410aa9e469f7d1e796480e90) Importer(815301076,1909f56bfc062723c751e8b465ee728b)
Start importing Assets/Scripts/TestNode.prefab using Guid(cc55762d410aa9e469f7d1e796480e90) Importer(815301076,1909f56bfc062723c751e8b465ee728b)  -> (artifact id: '9c96fd65081418bce3ce7c22c5ec8e9a') in 0.011021 seconds
  Import took 0.014153 seconds .

========================================================================
Received Import Request.
  Time since last request: 22.323667 seconds.
  path: Assets/Scripts/Node.prefab
  artifactKey: Guid(aa6658f18e402604eb30350c62beaad8) Importer(815301076,1909f56bfc062723c751e8b465ee728b)
Start importing Assets/Scripts/Node.prefab using Guid(aa6658f18e402604eb30350c62beaad8) Importer(815301076,1909f56bfc062723c751e8b465ee728b)  -> (artifact id: 'e81b074696629f1f465ecb097f88a362') in 0.015390 seconds
  Import took 0.018677 seconds .

========================================================================
Received Prepare
Registering precompiled user dll's ...
Registered in 0.001325 seconds.
Begin MonoManager ReloadAssembly
Native extension for WindowsStandalone target not found
Native extension for WebGL target not found
Refreshing native plugins compatible for Editor in 0.37 ms, found 1 plugins.
Preloading 0 native plugins for Editor in 0.00 ms.
Mono: successfully reloaded assembly
- Completed reload, in  0.933 seconds
Platform modules already initialized, skipping
Refreshing native plugins compatible for Editor in 0.40 ms, found 1 plugins.
Preloading 0 native plugins for Editor in 0.00 ms.
Unloading 1814 Unused Serialized files (Serialized files now loaded: 0)
System memory in use before: 88.5 MB.
System memory in use after: 88.5 MB.

Unloading 12 unused Assets to reduce memory usage. Loaded Objects now: 2343.
Total: 2.057800 ms (FindLiveObjects: 0.228500 ms CreateObjectMapping: 0.073200 ms MarkObjects: 1.655900 ms  DeleteObjects: 0.099000 ms)

========================================================================
Received Import Request.
  Time since last request: 35.993552 seconds.
  path: Assets/Scripts/MessageDot.prefab
  artifactKey: Guid(786c3162d995c3445a0f5e7e97d8428f) Importer(815301076,1909f56bfc062723c751e8b465ee728b)
Start importing Assets/Scripts/MessageDot.prefab using Guid(786c3162d995c3445a0f5e7e97d8428f) Importer(815301076,1909f56bfc062723c751e8b465ee728b)  -> (artifact id: '8f344aee32a50e58e64af09bf846da8e') in 0.059552 seconds
  Import took 0.063535 seconds .

========================================================================
Received Prepare
Registering precompiled user dll's ...
Registered in 0.001004 seconds.
Begin MonoManager ReloadAssembly
Native extension for WindowsStandalone target not found
Native extension for WebGL target not found
Refreshing native plugins compatible for Editor in 0.49 ms, found 1 plugins.
Preloading 0 native plugins for Editor in 0.00 ms.
Mono: successfully reloaded assembly
- Completed reload, in  0.824 seconds
Platform modules already initialized, skipping
Refreshing native plugins compatible for Editor in 0.33 ms, found 1 plugins.
Preloading 0 native plugins for Editor in 0.00 ms.
Unloading 1814 Unused Serialized files (Serialized files now loaded: 0)
System memory in use before: 88.5 MB.
System memory in use after: 88.5 MB.

Unloading 12 unused Assets to reduce memory usage. Loaded Objects now: 2348.
Total: 2.124600 ms (FindLiveObjects: 0.276000 ms CreateObjectMapping: 0.103600 ms MarkObjects: 1.647600 ms  DeleteObjects: 0.096500 ms)

========================================================================
Received Prepare
Registering precompiled user dll's ...
Registered in 0.001033 seconds.
Begin MonoManager ReloadAssembly
Native extension for WindowsStandalone target not found
Native extension for WebGL target not found
Refreshing native plugins compatible for Editor in 0.36 ms, found 1 plugins.
Preloading 0 native plugins for Editor in 0.00 ms.
Mono: successfully reloaded assembly
- Completed reload, in  0.841 seconds
Platform modules already initialized, skipping
Refreshing native plugins compatible for Editor in 0.34 ms, found 1 plugins.
Preloading 0 native plugins for Editor in 0.00 ms.
Unloading 1814 Unused Serialized files (Serialized files now loaded: 0)
System memory in use before: 88.5 MB.
System memory in use after: 88.5 MB.

Unloading 12 unused Assets to reduce memory usage. Loaded Objects now: 2352.
Total: 2.225400 ms (FindLiveObjects: 0.181300 ms CreateObjectMapping: 0.071100 ms MarkObjects: 1.858400 ms  DeleteObjects: 0.113100 ms)

========================================================================
Received Import Request.
  Time since last request: 45.702054 seconds.
  path: Assets/Scripts/MessageDot.prefab
  artifactKey: Guid(786c3162d995c3445a0f5e7e97d8428f) Importer(815301076,1909f56bfc062723c751e8b465ee728b)
Start importing Assets/Scripts/MessageDot.prefab using Guid(786c3162d995c3445a0f5e7e97d8428f) Importer(815301076,1909f56bfc062723c751e8b465ee728b)  -> (artifact id: '57bd303e147766c03283a97b88d3f308') in 0.048638 seconds
  Import took 0.051571 seconds .

========================================================================
Received Import Request.
  Time since last request: 1.437704 seconds.
  path: Assets/Scripts/MessageDot.prefab
  artifactKey: Guid(786c3162d995c3445a0f5e7e97d8428f) Importer(815301076,1909f56bfc062723c751e8b465ee728b)
Start importing Assets/Scripts/MessageDot.prefab using Guid(786c3162d995c3445a0f5e7e97d8428f) Importer(815301076,1909f56bfc062723c751e8b465ee728b)  -> (artifact id: '0cb8d27f1ba9d4c979cc323a4ef2efa0') in 0.008951 seconds
  Import took 0.012599 seconds .

========================================================================
Received Import Request.
  Time since last request: 0.007167 seconds.
  path: Assets/Scripts/MessageDot.prefab
  artifactKey: Guid(786c3162d995c3445a0f5e7e97d8428f) Importer(815301076,1909f56bfc062723c751e8b465ee728b)
Start importing Assets/Scripts/MessageDot.prefab using Guid(786c3162d995c3445a0f5e7e97d8428f) Importer(815301076,1909f56bfc062723c751e8b465ee728b)  -> (artifact id: '0cb8d27f1ba9d4c979cc323a4ef2efa0') in 0.009846 seconds
  Import took 0.012977 seconds .

========================================================================
Received Import Request.
  Time since last request: 5.891106 seconds.
  path: Assets/Scripts/MessageDot.prefab
  artifactKey: Guid(786c3162d995c3445a0f5e7e97d8428f) Importer(815301076,1909f56bfc062723c751e8b465ee728b)
Start importing Assets/Scripts/MessageDot.prefab using Guid(786c3162d995c3445a0f5e7e97d8428f) Importer(815301076,1909f56bfc062723c751e8b465ee728b)  -> (artifact id: 'cd197df6b5d4fdf1152008109ffdbfac') in 0.008738 seconds
  Import took 0.012745 seconds .

========================================================================
Received Import Request.
  Time since last request: 0.003006 seconds.
  path: Assets/Scripts/MessageDot.prefab
  artifactKey: Guid(786c3162d995c3445a0f5e7e97d8428f) Importer(815301076,1909f56bfc062723c751e8b465ee728b)
Start importing Assets/Scripts/MessageDot.prefab using Guid(786c3162d995c3445a0f5e7e97d8428f) Importer(815301076,1909f56bfc062723c751e8b465ee728b)  -> (artifact id: 'cd197df6b5d4fdf1152008109ffdbfac') in 0.010180 seconds
  Import took 0.013107 seconds .

========================================================================
Received Prepare
Registering precompiled user dll's ...
Registered in 0.001240 seconds.
Begin MonoManager ReloadAssembly
Native extension for WindowsStandalone target not found
Native extension for WebGL target not found
Refreshing native plugins compatible for Editor in 0.48 ms, found 1 plugins.
Preloading 0 native plugins for Editor in 0.00 ms.
Mono: successfully reloaded assembly
- Completed reload, in  0.842 seconds
Platform modules already initialized, skipping
Refreshing native plugins compatible for Editor in 0.36 ms, found 1 plugins.
Preloading 0 native plugins for Editor in 0.00 ms.
Unloading 1814 Unused Serialized files (Serialized files now loaded: 0)
System memory in use before: 88.5 MB.
System memory in use after: 88.5 MB.

Unloading 12 unused Assets to reduce memory usage. Loaded Objects now: 2357.
Total: 2.228800 ms (FindLiveObjects: 0.183300 ms CreateObjectMapping: 0.067900 ms MarkObjects: 1.881600 ms  DeleteObjects: 0.095300 ms)

